<?xml version="1.0" encoding="UTF-8"?>
<!-- Generated by org.testng.reporters.JUnitReportReporter -->
<testsuite skipped="0" hostname="XE-T-ABHINAV12" name="com.poc.LandingPageTest" tests="2" failures="0" timestamp="09 Jun 2017 12:42:20 GMT" time="15.492" errors="0">
  <testcase name="validateHomePageOfWiki" time="8.470" classname="com.poc.LandingPageTest"/>
  <testcase name="validateTitleOfWiki" time="7.022" classname="com.poc.LandingPageTest"/>
</testsuite> <!-- com.poc.LandingPageTest -->
