<?xml version="1.0" encoding="UTF-8"?>
<!-- Generated by org.testng.reporters.JUnitReportReporter -->
<testsuite skipped="0" hostname="XE-T-ABHINAV12" name="com.poc.HomePageTest" tests="2" failures="0" timestamp="09 Jun 2017 12:42:20 GMT" time="15.549" errors="0">
  <testcase name="validateHomePageOfWiki" time="7.487" classname="com.poc.HomePageTest"/>
  <testcase name="validateTitleOfWiki" time="8.062" classname="com.poc.HomePageTest"/>
</testsuite> <!-- com.poc.HomePageTest -->
