<?xml version="1.0" encoding="UTF-8"?>
<!-- Generated by org.testng.reporters.JUnitXMLReporter -->
<testsuite hostname="XE-T-ABHINAV12" ignored="0" name="Test-1" tests="2" failures="0" timestamp="09 Jun 2017 12:42:20 GMT" time="15.58" errors="0">
  <testcase name="validateHomePageOfWiki" time="2.725" classname="com.poc.HomePageTest"/>
  <testcase name="validateTitleOfWiki" time="2.312" classname="com.poc.HomePageTest"/>
</testsuite> <!-- Test-1 -->
